# JRE version: Java(TM) SE Runtime Environment (11.0.2+9) (build 11.0.2+9-LTS)
# Java VM: Java HotSpot(TM) 64-Bit Server VM (11.0.2+9-LTS, mixed mode, tiered, compressed oops, g1 gc, linux-amd64)
Heap:
 garbage-first heap   total 2097152K, used 83249K [0x0000000082000000, 0x0000000800000000)
  region size 4096K, 17 young (69632K), 1 survivors (4096K)
 Metaspace       used 22338K, capacity 22714K, committed 23088K, reserved 1069056K
  class space    used 2407K, capacity 2572K, committed 2688K, reserved 1048576K
GC Heap History (10 events):
Event: 9.271 GC heap before
{Heap before GC invocations=0 (full 0):
 garbage-first heap   total 2097152K, used 53248K [0x0000000082000000, 0x0000000800000000)
  region size 4096K, 13 young (53248K), 0 survivors (0K)
 Metaspace       used 20724K, capacity 21101K, committed 21296K, reserved 1069056K
  class space    used 2250K, capacity 2418K, committed 2432K, reserved 1048576K
}
Event: 9.312 GC heap after
{Heap after GC invocations=1 (full 0):
 garbage-first heap   total 2097152K, used 15739K [0x0000000082000000, 0x0000000800000000)
  region size 4096K, 3 young (12288K), 3 survivors (12288K)
 Metaspace       used 20724K, capacity 21101K, committed 21296K, reserved 1069056K
  class space    used 2250K, capacity 2418K, committed 2432K, reserved 1048576K
}
Event: 24.252 GC heap before
{Heap before GC invocations=2 (full 0):
 garbage-first heap   total 2097152K, used 109947K [0x0000000082000000, 0x0000000800000000)
  region size 4096K, 25 young (102400K), 3 survivors (12288K)
 Metaspace       used 22120K, capacity 22581K, committed 22832K, reserved 1069056K
  class space    used 2405K, capacity 2572K, committed 2688K, reserved 1048576K
}
Event: 24.272 GC heap after
{Heap after GC invocations=3 (full 0):
 garbage-first heap   total 2097152K, used 22120K [0x0000000082000000, 0x0000000800000000)
  region size 4096K, 1 young (4096K), 1 survivors (4096K)
 Metaspace       used 22120K, capacity 22581K, committed 22832K, reserved 1069056K
  class space    used 2405K, capacity 2572K, committed 2688K, reserved 1048576K
}
Event: 44.572 GC heap before
{Heap before GC invocations=3 (full 0):
 garbage-first heap   total 2097152K, used 120424K [0x0000000082000000, 0x0000000800000000)
  region size 4096K, 25 young (102400K), 1 survivors (4096K)
 Metaspace       used 22242K, capacity 22646K, committed 23088K, reserved 1069056K
  class space    used 2405K, capacity 2572K, committed 2688K, reserved 1048576K
}
Event: 44.583 GC heap after
{Heap after GC invocations=4 (full 0):
 garbage-first heap   total 2097152K, used 21835K [0x0000000082000000, 0x0000000800000000)
  region size 4096K, 1 young (4096K), 1 survivors (4096K)
 Metaspace       used 22242K, capacity 22646K, committed 23088K, reserved 1069056K
  class space    used 2405K, capacity 2572K, committed 2688K, reserved 1048576K
}
Event: 86.369 GC heap before
{Heap before GC invocations=4 (full 0):
 garbage-first heap   total 2097152K, used 189771K [0x0000000082000000, 0x0000000800000000)
  region size 4096K, 42 young (172032K), 1 survivors (4096K)
 Metaspace       used 22292K, capacity 22710K, committed 23088K, reserved 1069056K
  class space    used 2405K, capacity 2572K, committed 2688K, reserved 1048576K
}
Event: 86.378 GC heap after
{Heap after GC invocations=5 (full 0):
 garbage-first heap   total 2097152K, used 21688K [0x0000000082000000, 0x0000000800000000)
  region size 4096K, 1 young (4096K), 1 survivors (4096K)
 Metaspace       used 22292K, capacity 22710K, committed 23088K, reserved 1069056K
  class space    used 2405K, capacity 2572K, committed 2688K, reserved 1048576K
}
Event: 159.878 GC heap before
{Heap before GC invocations=5 (full 0):
 garbage-first heap   total 2097152K, used 283832K [0x0000000082000000, 0x0000000800000000)
  region size 4096K, 65 young (266240K), 1 survivors (4096K)
 Metaspace       used 22322K, capacity 22714K, committed 23088K, reserved 1069056K
  class space    used 2405K, capacity 2572K, committed 2688K, reserved 1048576K
}
Event: 159.884 GC heap after
{Heap after GC invocations=6 (full 0):
 garbage-first heap   total 2097152K, used 21809K [0x0000000082000000, 0x0000000800000000)
  region size 4096K, 1 young (4096K), 1 survivors (4096K)
 Metaspace       used 22322K, capacity 22714K, committed 23088K, reserved 1069056K
  class space    used 2405K, capacity 2572K, committed 2688K, reserved 1048576K
}

